[2017-03-12 14:04:26] [NOTICE] using configuration file "/etc/repmgr.conf"
[2017-03-13 10:40:21] [ERROR] connection to database failed: FATAL:  the database system is shutting down

[2017-03-13 10:40:21] [ERROR] unable to connect to upstream node: FATAL:  the database system is shutting down

[2017-03-13 10:40:21] [ERROR] connection to database failed: FATAL:  the database system is shutting down

[2017-03-13 10:40:21] [WARNING] connection to master has been lost, trying to recover... 60 seconds before failover decision
[2017-03-13 10:40:31] [WARNING] connection to master has been lost, trying to recover... 50 seconds before failover decision
[2017-03-13 10:40:42] [ERROR] Unable to query server mode: FATAL:  terminating connection due to administrator command
server closed the connection unexpectedly
	This probably means the server terminated abnormally
	before or while processing the request.

[2017-03-13 10:40:42] [ERROR] standby node has disappeared, trying to reconnect...
[2017-03-13 10:40:42] [WARNING] connection to standby has been lost, trying to recover... 60 seconds before failover decision
FATAL:  terminating connection due to administrator command
[2017-03-13 10:40:52] [WARNING] wait_connection_availability(): could not receive data from connection. server closed the connection unexpectedly
	This probably means the server terminated abnormally
	before or while processing the request.

[2017-03-13 10:40:52] [NOTICE] marking this node (2) as active on master
[2017-03-13 11:51:29] [ERROR] connection to database failed: FATAL:  the database system is shutting down

[2017-03-13 11:51:29] [ERROR] unable to connect to upstream node: FATAL:  the database system is shutting down

[2017-03-13 11:51:29] [ERROR] connection to database failed: FATAL:  the database system is shutting down

[2017-03-13 11:51:29] [WARNING] connection to master has been lost, trying to recover... 60 seconds before failover decision
[2017-03-13 11:51:39] [WARNING] connection to master has been lost, trying to recover... 50 seconds before failover decision
[2017-03-13 11:51:49] [WARNING] connection to master has been lost, trying to recover... 40 seconds before failover decision
[2017-03-13 11:52:00] [ERROR] Unable to query server mode: FATAL:  terminating connection due to administrator command
server closed the connection unexpectedly
	This probably means the server terminated abnormally
	before or while processing the request.

[2017-03-13 11:52:00] [ERROR] standby node has disappeared, trying to reconnect...
[2017-03-13 11:52:00] [WARNING] connection to standby has been lost, trying to recover... 60 seconds before failover decision
FATAL:  terminating connection due to administrator command
[2017-03-13 11:52:10] [WARNING] wait_connection_availability(): could not receive data from connection. server closed the connection unexpectedly
	This probably means the server terminated abnormally
	before or while processing the request.

[2017-03-13 11:52:10] [NOTICE] marking this node (2) as active on master
[2017-03-13 12:24:04] [ERROR] PQexec failed: FATAL:  terminating connection due to administrator command
server closed the connection unexpectedly
	This probably means the server terminated abnormally
	before or while processing the request.

[2017-03-13 12:24:06] [ERROR] connection to database failed: FATAL:  the database system is shutting down

[2017-03-13 12:24:06] [ERROR] unable to connect to upstream node: FATAL:  the database system is shutting down

[2017-03-13 12:24:06] [ERROR] connection to database failed: FATAL:  the database system is shutting down

[2017-03-13 12:24:06] [WARNING] connection to master has been lost, trying to recover... 60 seconds before failover decision
[2017-03-13 12:24:16] [WARNING] connection to master has been lost, trying to recover... 50 seconds before failover decision
[2017-03-13 12:24:26] [WARNING] connection to master has been lost, trying to recover... 40 seconds before failover decision
[2017-03-13 12:24:37] [ERROR] Unable to query server mode: FATAL:  terminating connection due to administrator command
server closed the connection unexpectedly
	This probably means the server terminated abnormally
	before or while processing the request.

[2017-03-13 12:24:37] [ERROR] standby node has disappeared, trying to reconnect...
[2017-03-13 12:24:37] [NOTICE] marking this node (2) as active on master
[2017-03-14 12:11:09] [NOTICE] using configuration file "/etc/repmgr.conf"
[2017-03-15 10:18:29] [ERROR] PQexec failed: FATAL:  terminating connection due to administrator command
server closed the connection unexpectedly
	This probably means the server terminated abnormally
	before or while processing the request.

[2017-03-15 10:18:31] [ERROR] connection to database failed: FATAL:  the database system is shutting down

[2017-03-15 10:18:31] [ERROR] unable to connect to upstream node: FATAL:  the database system is shutting down

[2017-03-15 10:18:31] [ERROR] connection to database failed: FATAL:  the database system is shutting down

[2017-03-15 10:18:31] [WARNING] connection to master has been lost, trying to recover... 60 seconds before failover decision
[2017-03-15 10:18:41] [WARNING] connection to master has been lost, trying to recover... 50 seconds before failover decision
[2017-03-15 10:18:51] [WARNING] connection to master has been lost, trying to recover... 40 seconds before failover decision
[2017-03-15 10:19:01] [WARNING] connection to master has been lost, trying to recover... 30 seconds before failover decision
[2017-03-15 10:19:11] [WARNING] connection to master has been lost, trying to recover... 20 seconds before failover decision
[2017-03-15 10:19:21] [WARNING] connection to master has been lost, trying to recover... 10 seconds before failover decision
[2017-03-15 11:07:06] [NOTICE] using configuration file "/etc/repmgr.conf"
[2017-03-15 11:08:16] [ERROR] connection to database failed: FATAL:  the database system is shutting down

[2017-03-15 11:08:16] [ERROR] unable to connect to upstream node: FATAL:  the database system is shutting down

[2017-03-15 11:08:16] [ERROR] connection to database failed: FATAL:  the database system is shutting down

[2017-03-15 11:08:16] [WARNING] connection to master has been lost, trying to recover... 60 seconds before failover decision
[2017-03-15 11:08:26] [WARNING] connection to master has been lost, trying to recover... 50 seconds before failover decision
[2017-03-15 11:08:36] [WARNING] connection to master has been lost, trying to recover... 40 seconds before failover decision
[2017-03-15 11:08:46] [WARNING] connection to master has been lost, trying to recover... 30 seconds before failover decision
[2017-03-15 11:08:56] [WARNING] connection to master has been lost, trying to recover... 20 seconds before failover decision
[2017-03-15 11:09:06] [WARNING] connection to master has been lost, trying to recover... 10 seconds before failover decision
[2017-03-15 11:09:16] [ERROR] unable to reconnect to master (timeout 30 seconds)...
[2017-03-15 11:09:24] [NOTICE] this node is the best candidate to be the new master, promoting...
[2017-03-15 11:09:29] [WARNING] Unable to create event record: ERROR:  cannot execute INSERT in a read-only transaction

[2017-03-15 11:11:42] [ERROR] connection to database failed: FATAL:  the database system is shutting down

[2017-03-15 11:11:42] [ERROR] unable to connect to upstream node: FATAL:  the database system is shutting down

[2017-03-15 11:11:42] [ERROR] connection to database failed: FATAL:  the database system is shutting down

[2017-03-15 11:11:42] [WARNING] connection to master has been lost, trying to recover... 60 seconds before failover decision
[2017-03-15 11:11:52] [WARNING] connection to master has been lost, trying to recover... 50 seconds before failover decision
[2017-03-15 11:12:02] [WARNING] connection to master has been lost, trying to recover... 40 seconds before failover decision
[2017-03-15 11:12:12] [WARNING] connection to master has been lost, trying to recover... 30 seconds before failover decision
[2017-03-15 11:12:22] [WARNING] connection to master has been lost, trying to recover... 20 seconds before failover decision
[2017-03-15 11:12:32] [WARNING] connection to master has been lost, trying to recover... 10 seconds before failover decision
[2017-03-15 11:12:42] [ERROR] unable to reconnect to master (timeout 30 seconds)...
[2017-03-15 11:12:49] [NOTICE] this node is the best candidate to be the new master, promoting...
[2017-03-15 11:12:49] [ERROR] connection to database failed: could not connect to server: Connection refused
	Is the server running on host "p1" (5.152.195.77) and accepting
	TCP/IP connections on port 5432?

[2017-03-15 11:12:50] [NOTICE] promoting standby
[2017-03-15 11:12:50] [NOTICE] promoting server using '/usr/local/bin/pg_ctl -D /var/lib/pgsql/9.6/data promote'
[2017-03-15 11:12:52] [NOTICE] STANDBY PROMOTE successful
FATAL:  terminating connection due to administrator command
[2017-03-15 11:22:49] [WARNING] Can't stop current query: PQcancel() -- connect() failed: Connection refused

[2017-03-15 11:22:49] [WARNING] connection to master has been lost, trying to recover... 60 seconds before failover decision
[2017-03-15 11:22:59] [WARNING] connection to master has been lost, trying to recover... 50 seconds before failover decision
[2017-03-15 11:42:19] [NOTICE] using configuration file "/etc/repmgr.conf"
FATAL:  terminating connection due to administrator command
[2017-03-15 11:45:59] [ERROR] error when attempting to find upstream server
server closed the connection unexpectedly
	This probably means the server terminated abnormally
	before or while processing the request.

[2017-03-15 11:45:59] [ERROR] Unable to query server mode: no connection to the server

[2017-03-15 11:45:59] [ERROR] standby node has disappeared, trying to reconnect...
[2017-03-15 11:45:59] [WARNING] connection to standby has been lost, trying to recover... 60 seconds before failover decision
[2017-03-15 11:46:09] [WARNING] connection to standby has been lost, trying to recover... 50 seconds before failover decision
[2017-03-15 11:56:04] [NOTICE] using configuration file "/etc/repmgr.conf"
